{
  "0 debug pnpm:scope": {
    "selected": 3,
    "total": 3,
    "workspacePrefix": "/home/taowen/vue-fusion"
  },
  "1 debug pnpm:package-manifest": {
    "initial": {
      "private": true,
      "scripts": {
        "dev": "pnpm run server",
        "prod": "pnpm run build && pnpm run server:prod",
        "build": "vite build && vite build --ssr",
        "server": "ts-node ./server",
        "server:prod": "cross-env NODE_ENV=production ts-node ./server"
      },
      "dependencies": {
        "@types/compression": "^1.7.2",
        "@types/express": "^4.17.13",
        "@types/node": "^17.0.19",
        "@vitejs/plugin-vue": "^2.2.2",
        "@vue/compiler-sfc": "^3.2.31",
        "@vue/server-renderer": "^3.2.31",
        "compression": "^1.7.4",
        "cross-env": "^7.0.3",
        "express": "^4.17.3",
        "ts-node": "^10.5.0",
        "typescript": "^4.5.5",
        "vite": "^2.8.4",
        "vite-plugin-ssr": "^0.3.59",
        "vue": "^3.2.31",
        "vue-db": "^1.0.1"
      }
    },
    "prefix": "/home/taowen/vue-fusion/packages/demo-ts"
  },
  "2 debug pnpm:package-manifest": {
    "initial": {
      "name": "test-ssr-vue",
      "private": true,
      "version": "0.0.0",
      "scripts": {
        "dev": "node server",
        "build": "npm run build:client && npm run build:server",
        "build:noExternal": "npm run build:client && npm run build:server:noExternal",
        "build:client": "vite build --ssrManifest --outDir dist/client",
        "build:server": "vite build --ssr src/entry-server.js --outDir dist/server",
        "build:server:noExternal": "vite build --config vite.config.noexternal.js --ssr src/entry-server.js --outDir dist/server",
        "generate": "vite build --ssrManifest --outDir dist/static && npm run build:server && node prerender",
        "serve": "cross-env NODE_ENV=production node server",
        "debug": "node --inspect-brk server"
      },
      "dependencies": {
        "example-external-component": "file:example-external-component",
        "vue": "^3.2.25",
        "vue-router": "^4.0.0",
        "vuex": "^4.0.2"
      },
      "devDependencies": {
        "@vitejs/plugin-vue": "workspace:*",
        "@vitejs/plugin-vue-jsx": "workspace:*",
        "compression": "^1.7.4",
        "cross-env": "^7.0.3",
        "dep-import-type": "link:./dep-import-type",
        "express": "^4.17.1",
        "serve-static": "^1.14.1"
      }
    },
    "prefix": "/home/taowen/vue-fusion/packages/ssr-vue"
  },
  "3 debug pnpm:package-manifest": {
    "initial": {
      "name": "vue-fusion",
      "version": "0.0.1",
      "description": "combine vue SSR with Java (Python, Go) in same server for extreme user experience",
      "main": "dist/cjs/index.js",
      "module": "src/index.ts",
      "types": "src/index.ts",
      "dependencies": {
        "vue-db": "^1.0.0"
      },
      "devDependencies": {
        "typescript": "^4.5.5"
      },
      "files": [
        "cjs/*.js",
        "esm/*.js",
        "esm/*.d.ts",
        "README.md",
        "LICENSE"
      ],
      "publishConfig": {
        "directory": "dist",
        "main": "cjs/index.js",
        "module": "esm/index.js",
        "types": "esm/index.d.ts"
      },
      "scripts": {
        "build": "tsc",
        "dist": "tsc && tsc -p tsconfig-esm.json && cp ../../README.md dist && cp ../../LICENSE dist && cp package.json dist"
      }
    },
    "prefix": "/home/taowen/vue-fusion/packages/vue-fusion"
  },
  "4 debug pnpm:context": {
    "currentLockfileExists": true,
    "storeDir": "/home/taowen/.pnpm-store/v3",
    "virtualStoreDir": "/home/taowen/vue-fusion/node_modules/.pnpm"
  },
  "5 debug pnpm:stage": {
    "prefix": "/home/taowen/vue-fusion",
    "stage": "resolution_started"
  },
  "6 error pnpm": {
    "code": "ERR_PNPM_NO_MATCHING_VERSION_INSIDE_WORKSPACE",
    "pkgsStack": [],
    "err": {
      "name": "pnpm",
      "message": "In : No matching version found for @vitejs/plugin-vue@* inside the workspace",
      "code": "ERR_PNPM_NO_MATCHING_VERSION_INSIDE_WORKSPACE",
      "stack": "pnpm: In : No matching version found for @vitejs/plugin-vue@* inside the workspace\n    at tryResolveFromWorkspace (/home/taowen/n/pnpm-global/5/node_modules/.pnpm/pnpm@6.32.1/node_modules/pnpm/dist/pnpm.cjs:85965:15)\n    at resolveNpm (/home/taowen/n/pnpm-global/5/node_modules/.pnpm/pnpm@6.32.1/node_modules/pnpm/dist/pnpm.cjs:85856:39)\n    at Object.resolve (/home/taowen/n/pnpm-global/5/node_modules/.pnpm/pnpm@6.32.1/node_modules/pnpm/dist/pnpm.cjs:86088:40)\n    at ctx.requestsQueue.add.priority (/home/taowen/n/pnpm-global/5/node_modules/.pnpm/pnpm@6.32.1/node_modules/pnpm/dist/pnpm.cjs:74461:75)\n    at run (/home/taowen/n/pnpm-global/5/node_modules/.pnpm/pnpm@6.32.1/node_modules/pnpm/dist/pnpm.cjs:74177:90)\n    at PQueue._tryToStartAnother (/home/taowen/n/pnpm-global/5/node_modules/.pnpm/pnpm@6.32.1/node_modules/pnpm/dist/pnpm.cjs:74131:13)\n    at /home/taowen/n/pnpm-global/5/node_modules/.pnpm/pnpm@6.32.1/node_modules/pnpm/dist/pnpm.cjs:74190:16\n    at new Promise (<anonymous>)\n    at PQueue.add (/home/taowen/n/pnpm-global/5/node_modules/.pnpm/pnpm@6.32.1/node_modules/pnpm/dist/pnpm.cjs:74172:16)\n    at resolveAndFetch (/home/taowen/n/pnpm-global/5/node_modules/.pnpm/pnpm@6.32.1/node_modules/pnpm/dist/pnpm.cjs:74461:55)"
    }
  }
}